<?xml version="1.0" encoding="UTF-8"?>
<testng-results ignored="0" total="1" passed="1" failed="0" skipped="0">
  <reporter-output>
  </reporter-output>
  <suite started-at="2024-12-19T15:43:26 IST" name="Default suite" finished-at="2024-12-19T15:43:29 IST" duration-ms="2785">
    <groups>
    </groups>
    <test started-at="2024-12-19T15:43:26 IST" name="Default test" finished-at="2024-12-19T15:43:29 IST" duration-ms="2785">
      <class name="PracticeOwn.SchemaValidation">
        <test-method signature="schemaValidate()[pri:0, instance:PracticeOwn.SchemaValidation@57cf54e1]" started-at="2024-12-19T15:43:26 IST" name="schemaValidate" finished-at="2024-12-19T15:43:29 IST" duration-ms="2756" status="PASS">
          <reporter-output>
          </reporter-output>
        </test-method> <!-- schemaValidate -->
      </class> <!-- PracticeOwn.SchemaValidation -->
    </test> <!-- Default test -->
  </suite> <!-- Default suite -->
</testng-results>
