<?xml version="1.0" encoding="UTF-8"?>
<!-- Generated by org.testng.reporters.JUnitXMLReporter -->
<testsuite ignored="2" hostname="DESKTOP-MGUTKMH" failures="0" tests="4" name="Test" time="2.866" errors="0" timestamp="2024-10-30T13:46:15 IST">
  <testcase classname="com.ninza.hrm.api.employeetest.EmployeeTest" name="addEmployeTest" time="2.227"/>
  <testcase classname="com.ninza.hrm.api.employeetest.EmployeeTest" name="addEmployeeWithoutEmailTest" time="0.292"/>
  <testcase classname="com.ninza.hrm.api.projecttest.ProjectTest" name="addSingleProjectWithCreated" time="0.158"/>
  <testcase classname="com.ninza.hrm.api.projecttest.ProjectTest" name="addDuplicateProject" time="0.154"/>
  <testcase classname="com.ninza.hrm.api.baseClass.BaseAPIClass" name="@AfterSuite configAS" time="0.0">
    <ignored/>
  </testcase> <!-- @AfterSuite configAS -->
  <testcase classname="com.ninza.hrm.api.baseClass.BaseAPIClass" name="@BeforeSuite configBS" time="0.0">
    <ignored/>
  </testcase> <!-- @BeforeSuite configBS -->
</testsuite> <!-- Test -->
